<?xml version="1.0" encoding="UTF-8" ?>
<testsuite failures="0" time="0.235" errors="0" skipped="0" tests="3" name="com.owaconnector.test.server.TestPasswordService">
  <properties>
[...]
</properties>
  <testcase time="0.109" classname="com.owaconnector.test.server.TestPasswordService" name="TestCryptorSameArray"/>
  <testcase time="0.063" classname="com.owaconnector.test.server.TestPasswordService" name="TestCryptorStringRepresentationOfPrivateKeySimple"/>
  <testcase time="0.047" classname="com.owaconnector.test.server.TestPasswordService" name="TestCryptorStringRepresentationOfPrivateKeyComplex"/>
</testsuite>